<?xml version="1.0" encoding="UTF-8"?>
<!-- Generated by org.testng.reporters.JUnitReportReporter -->
<testsuite name="reusables.BaseClass" tests="1" time="0.684" ignored="0" failures="0" timestamp="23 Sep 2017 17:30:34 GMT" skipped="0" hostname="ShivaRam-PC" errors="0">
  <testcase name="moduledriver" time="0.684" classname="reusables.BaseClass"/>
</testsuite> <!-- reusables.BaseClass -->
