<?xml version="1.0" encoding="UTF-8"?>
<!-- Generated by org.testng.reporters.JUnitReportReporter -->
<testsuite name="testcases.temp" tests="1" time="0.016" ignored="0" failures="0" timestamp="22 Sep 2017 12:20:42 GMT" skipped="0" hostname="ShivaRam-PC" errors="0">
  <testcase name="test" time="0.016" classname="testcases.temp"/>
</testsuite> <!-- testcases.temp -->
