<?xml version="1.0" encoding="UTF-8"?>
<!-- Generated by org.testng.reporters.JUnitReportReporter -->
<testsuite name="reusables.BaseClass_CRbrowser" tests="3" time="29.254" ignored="0" failures="0" timestamp="10 Sep 2017 06:39:58 GMT" skipped="0" hostname="ShivaRam-PC" errors="0">
  <testcase name="initializedriver_CB" time="3.049" classname="reusables.BaseClass_CRbrowser"/>
  <testcase name="initializedriver_CB" time="13.120" classname="reusables.BaseClass_CRbrowser"/>
  <testcase name="initializedriver_CB" time="13.085" classname="reusables.BaseClass_CRbrowser"/>
</testsuite> <!-- reusables.BaseClass_CRbrowser -->
