<?xml version="1.0" encoding="UTF-8"?>
<!-- Generated by org.testng.reporters.JUnitReportReporter -->
<testsuite skipped="0" hostname="ShivaRam-PC" name="testcases.HomePageHeader" tests="1" failures="0" timestamp="16 Sep 2017 15:52:58 GMT" time="0.069" errors="0">
  <testcase name="verify_HPHeader" time="0.069" classname="testcases.HomePageHeader"/>
</testsuite> <!-- testcases.HomePageHeader -->
