<?xml version="1.0" encoding="UTF-8"?>
<!-- Generated by org.testng.reporters.JUnitReportReporter -->
<testsuite skipped="0" hostname="ShivaRam-PC" name="reusables.BaseClass" tests="1" failures="0" timestamp="14 Sep 2017 03:40:17 GMT" time="0.618" errors="0">
  <testcase name="moduledriver" time="0.618" classname="reusables.BaseClass"/>
</testsuite> <!-- reusables.BaseClass -->
