<?xml version="1.0" encoding="UTF-8"?>
<!-- Generated by org.testng.reporters.JUnitReportReporter -->
<testsuite name="reusables.test" tests="1" time="0.011" ignored="0" failures="0" timestamp="10 Sep 2017 04:26:02 GMT" skipped="0" hostname="ShivaRam-PC" errors="0">
  <testcase name="sample" time="0.011" classname="reusables.test"/>
</testsuite> <!-- reusables.test -->
