<?xml version="1.0" encoding="UTF-8"?>
<!-- Generated by org.testng.reporters.JUnitReportReporter -->
<testsuite name="testcases.HomePageHeader" tests="1" time="0.589" ignored="0" failures="0" timestamp="21 Sep 2017 13:43:23 GMT" skipped="0" hostname="ShivaRam-PC" errors="0">
  <testcase name="verify_HPHeader" time="0.589" classname="testcases.HomePageHeader"/>
</testsuite> <!-- testcases.HomePageHeader -->
