<?xml version="1.0" encoding="UTF-8"?>
<!-- Generated by org.testng.reporters.JUnitReportReporter -->
<testsuite name="testcases.HomePageHeader" tests="1" time="0.140" ignored="0" failures="0" timestamp="22 Sep 2017 07:33:59 GMT" skipped="0" hostname="ShivaRam-PC" errors="0">
  <testcase name="verify_HPHeader" time="0.140" classname="testcases.HomePageHeader"/>
</testsuite> <!-- testcases.HomePageHeader -->
